Using pre-set license
Built from '2020.3/release' branch; Version is '2020.3.12f1 (b3b2c6512326) revision 11776710'; Using compiler version '192528614'; Build Type 'Release'
OS: 'Windows 10 Home; OS build 19043.1348; Version 2009; 64bit' Language: 'es' Physical Memory: 16326 MB
BatchMode: 1, IsHumanControllingUs: 0, StartBugReporterOnCrash: 0, Is64bit: 1, IsPro: 0

 COMMAND LINE ARGUMENTS:
C:\Program Files\Unity\Hub\Editor\2020.3.12f1\Editor\Unity.exe
-adb2
-batchMode
-noUpm
-name
AssetImportWorker0
-projectPath
C:/Users/arfon/Downloads/curso_componentes_api_unity-master/curso_componentes_api_unity-master/unity_maths_project
-logFile
Logs/AssetImportWorker0.log
-srvPort
53324
Successfully changed project path to: C:/Users/arfon/Downloads/curso_componentes_api_unity-master/curso_componentes_api_unity-master/unity_maths_project
C:/Users/arfon/Downloads/curso_componentes_api_unity-master/curso_componentes_api_unity-master/unity_maths_project
Using Asset Import Pipeline V2.
Refreshing native plugins compatible for Editor in 24.70 ms, found 2 plugins.
Preloading 0 native plugins for Editor in 0.00 ms.
Initialize engine version: 2020.3.12f1 (b3b2c6512326)
[Subsystems] Discovering subsystems at path C:/Program Files/Unity/Hub/Editor/2020.3.12f1/Editor/Data/Resources/UnitySubsystems
[Subsystems] Discovering subsystems at path C:/Users/arfon/Downloads/curso_componentes_api_unity-master/curso_componentes_api_unity-master/unity_maths_project/Assets
GfxDevice: creating device client; threaded=0
Direct3D:
    Version:  Direct3D 11.0 [level 11.1]
    Renderer: NVIDIA GeForce GTX 1660 SUPER (ID=0x21c4)
    Vendor:   
    VRAM:     5991 MB
    Driver:   30.0.14.9649
Initialize mono
Mono path[0] = 'C:/Program Files/Unity/Hub/Editor/2020.3.12f1/Editor/Data/Managed'
Mono path[1] = 'C:/Program Files/Unity/Hub/Editor/2020.3.12f1/Editor/Data/MonoBleedingEdge/lib/mono/unityjit'
Mono config path = 'C:/Program Files/Unity/Hub/Editor/2020.3.12f1/Editor/Data/MonoBleedingEdge/etc'
Using monoOptions --debugger-agent=transport=dt_socket,embedding=1,server=y,suspend=n,address=127.0.0.1:56948
Begin MonoManager ReloadAssembly
Registering precompiled unity dll's ...
Register platform support module: C:/Program Files/Unity/Hub/Editor/2020.3.12f1/Editor/Data/PlaybackEngines/WebGLSupport/UnityEditor.WebGL.Extensions.dll
Register platform support module: C:/Program Files/Unity/Hub/Editor/2020.3.12f1/Editor/Data/PlaybackEngines/WindowsStandaloneSupport/UnityEditor.WindowsStandalone.Extensions.dll
Registered in 0.002157 seconds.
Native extension for WindowsStandalone target not found
Native extension for WebGL target not found
Refreshing native plugins compatible for Editor in 23.97 ms, found 2 plugins.
Preloading 0 native plugins for Editor in 0.00 ms.
Mono: successfully reloaded assembly
- Completed reload, in  1.647 seconds
Platform modules already initialized, skipping
Registering precompiled user dll's ...
Registered in 0.003669 seconds.
Begin MonoManager ReloadAssembly
Native extension for WindowsStandalone target not found
Native extension for WebGL target not found
Refreshing native plugins compatible for Editor in 0.31 ms, found 2 plugins.
Preloading 0 native plugins for Editor in 0.00 ms.
Mono: successfully reloaded assembly
- Completed reload, in  0.807 seconds
Platform modules already initialized, skipping
========================================================================
Worker process is ready to serve import requests
Launched and connected shader compiler UnityShaderCompiler.exe after 0.03 seconds
Refreshing native plugins compatible for Editor in 0.29 ms, found 2 plugins.
Preloading 0 native plugins for Editor in 0.00 ms.
Unloading 1386 Unused Serialized files (Serialized files now loaded: 0)
System memory in use before: 65.2 MB.
System memory in use after: 65.3 MB.

Unloading 19 unused Assets to reduce memory usage. Loaded Objects now: 1819.
Total: 1.578600 ms (FindLiveObjects: 0.137000 ms CreateObjectMapping: 0.030400 ms MarkObjects: 1.348600 ms  DeleteObjects: 0.061600 ms)

AssetImportParameters requested are different than current active one (requested -> active):
  custom:framework-win-MediaFoundation: 216162199b28c13a410421893ffa2e32 -> 
  custom:video-decoder-ogg-theora: a1e56fd34408186e4bbccfd4996cb3dc -> 
  custom:container-muxer-webm: aa71ff27fc2769a1b78a27578f13a17b -> 
  custom:container-demuxer-webm: 4f35f7cbe854078d1ac9338744f61a02 -> 
  custom:container-demuxer-ogg: 62fdf1f143b41e24485cea50d1cbac27 -> 
  custom:video-encoder-webm-vp8: eb34c28f22e8b96e1ab97ce403110664 -> 
  custom:video-decoder-webm-vp8: 9c59270c3fd7afecdb556c50c9e8de78 -> 
  custom:audio-decoder-ogg-vorbis: bf7c407c2cedff20999df2af8eb42d56 -> 
  custom:audio-encoder-webm-vorbis: bf7c407c2cedff20999df2af8eb42d56 -> 
========================================================================
Received Import Request.
  path: Assets
  artifactKey: Guid(00000000000000001000000000000000) Importer(815301076,1909f56bfc062723c751e8b465ee728b)
Start importing Assets using Guid(00000000000000001000000000000000) Importer(815301076,1909f56bfc062723c751e8b465ee728b)  -> (artifact id: '42d402b061de3733987d63b9cc3b64de') in 0.007453 seconds 
  Import took 0.009194 seconds .

========================================================================
Received Import Request.
  Time since last request: 0.991972 seconds.
  path: Assets/Scenes
  artifactKey: Guid(36c1d6a361b42304a907d5fac7db5fe7) Importer(815301076,1909f56bfc062723c751e8b465ee728b)
Start importing Assets/Scenes using Guid(36c1d6a361b42304a907d5fac7db5fe7) Importer(815301076,1909f56bfc062723c751e8b465ee728b)  -> (artifact id: 'c79010987f52bf0bd807564e7dd23855') in 0.025348 seconds 
  Import took 0.027380 seconds .

========================================================================
Received Import Request.
  Time since last request: 3.092409 seconds.
  path: Assets/S
  artifactKey: Guid(79ddf7811abd8ba45873969268cd27e0) Importer(815301076,1909f56bfc062723c751e8b465ee728b)
Start importing Assets/S using Guid(79ddf7811abd8ba45873969268cd27e0) Importer(815301076,1909f56bfc062723c751e8b465ee728b)  -> (artifact id: '8911457bdeb0485a4dc735e1d4251601') in 0.006455 seconds 
  Import took 0.008427 seconds .

========================================================================
Received Import Request.
  Time since last request: 4.067788 seconds.
  path: Assets/Scripts
  artifactKey: Guid(79ddf7811abd8ba45873969268cd27e0) Importer(815301076,1909f56bfc062723c751e8b465ee728b)
Start importing Assets/Scripts using Guid(79ddf7811abd8ba45873969268cd27e0) Importer(815301076,1909f56bfc062723c751e8b465ee728b)  -> (artifact id: '5b0f6a4d384ffca4782690a6b2f96945') in 0.006326 seconds 
  Import took 0.008275 seconds .

========================================================================
Received Import Request.
  Time since last request: 11.967675 seconds.
  path: Assets/Scripts/S01_Jerarquia.cs
  artifactKey: Guid(1e39e8294b3a8fa49a2bac6099e8c1b4) Importer(815301076,1909f56bfc062723c751e8b465ee728b)
Start importing Assets/Scripts/S01_Jerarquia.cs using Guid(1e39e8294b3a8fa49a2bac6099e8c1b4) Importer(815301076,1909f56bfc062723c751e8b465ee728b)  -> (artifact id: '2ef608986d9e16f907a35f3bb29db1f5') in 0.017327 seconds 
  Import took 0.019320 seconds .

========================================================================
Received Prepare
Registering precompiled user dll's ...
Registered in 0.003119 seconds.
Begin MonoManager ReloadAssembly
Native extension for WindowsStandalone target not found
Native extension for WebGL target not found
Refreshing native plugins compatible for Editor in 0.30 ms, found 2 plugins.
Preloading 0 native plugins for Editor in 0.00 ms.
Mono: successfully reloaded assembly
- Completed reload, in  0.757 seconds
Platform modules already initialized, skipping
Refreshing native plugins compatible for Editor in 0.29 ms, found 2 plugins.
Preloading 0 native plugins for Editor in 0.00 ms.
Unloading 1382 Unused Serialized files (Serialized files now loaded: 0)
System memory in use before: 65.2 MB.
System memory in use after: 65.3 MB.

Unloading 14 unused Assets to reduce memory usage. Loaded Objects now: 1823.
Total: 1.541900 ms (FindLiveObjects: 0.131100 ms CreateObjectMapping: 0.030800 ms MarkObjects: 1.334600 ms  DeleteObjects: 0.044400 ms)

AssetImportParameters requested are different than current active one (requested -> active):
  custom:framework-win-MediaFoundation: 216162199b28c13a410421893ffa2e32 -> 
  custom:video-decoder-ogg-theora: a1e56fd34408186e4bbccfd4996cb3dc -> 
  custom:container-muxer-webm: aa71ff27fc2769a1b78a27578f13a17b -> 
  custom:container-demuxer-webm: 4f35f7cbe854078d1ac9338744f61a02 -> 
  custom:container-demuxer-ogg: 62fdf1f143b41e24485cea50d1cbac27 -> 
  custom:video-encoder-webm-vp8: eb34c28f22e8b96e1ab97ce403110664 -> 
  custom:video-decoder-webm-vp8: 9c59270c3fd7afecdb556c50c9e8de78 -> 
  custom:audio-decoder-ogg-vorbis: bf7c407c2cedff20999df2af8eb42d56 -> 
  custom:audio-encoder-webm-vorbis: bf7c407c2cedff20999df2af8eb42d56 -> 
========================================================================
Received Import Request.
  Time since last request: 353.724783 seconds.
  path: Assets/Prefabs/Enemy.prefab
  artifactKey: Guid(4bb7b397a2c8f564e95ebf7fafedf861) Importer(815301076,1909f56bfc062723c751e8b465ee728b)
Start importing Assets/Prefabs/Enemy.prefab using Guid(4bb7b397a2c8f564e95ebf7fafedf861) Importer(815301076,1909f56bfc062723c751e8b465ee728b)  -> (artifact id: 'f5aa6f5a15a0300fb7c1171866a07784') in 0.092088 seconds 
  Import took 0.094462 seconds .

========================================================================
Received Import Request.
  Time since last request: 0.000157 seconds.
  path: Assets/Prefabs/Sphere Unity.prefab
  artifactKey: Guid(730b44d2c5320b14f9aaf870d035b610) Importer(815301076,1909f56bfc062723c751e8b465ee728b)
Start importing Assets/Prefabs/Sphere Unity.prefab using Guid(730b44d2c5320b14f9aaf870d035b610) Importer(815301076,1909f56bfc062723c751e8b465ee728b)  -> (artifact id: '4bca5310b77c1a1decea075ac7333e8c') in 0.014200 seconds 
  Import took 0.016037 seconds .

========================================================================
Received Import Request.
  Time since last request: 0.000150 seconds.
  path: Assets/Prefabs/Sphere Pivot Variant.prefab
  artifactKey: Guid(633631c7ae479e44b835770fb06c67c5) Importer(815301076,1909f56bfc062723c751e8b465ee728b)
Start importing Assets/Prefabs/Sphere Pivot Variant.prefab using Guid(633631c7ae479e44b835770fb06c67c5) Importer(815301076,1909f56bfc062723c751e8b465ee728b)  -> (artifact id: '4e6f9f2aab97f6801545a491f2316641') in 0.012253 seconds 
  Import took 0.033159 seconds .

========================================================================
Received Import Request.
  Time since last request: 9.667031 seconds.
  path: Assets/Scenes 1/S01_Coordenadas
  artifactKey: Guid(51953ed1140305344b9092f16a107435) Importer(815301076,1909f56bfc062723c751e8b465ee728b)
Start importing Assets/Scenes 1/S01_Coordenadas using Guid(51953ed1140305344b9092f16a107435) Importer(815301076,1909f56bfc062723c751e8b465ee728b)  -> (artifact id: 'f9557b91e49c6a3183e6576c98008654') in 0.005244 seconds 
  Import took 0.018782 seconds .

========================================================================
Received Prepare
Registering precompiled user dll's ...
Registered in 0.003035 seconds.
Begin MonoManager ReloadAssembly
Native extension for WindowsStandalone target not found
Native extension for WebGL target not found
Refreshing native plugins compatible for Editor in 0.29 ms, found 2 plugins.
Preloading 0 native plugins for Editor in 0.00 ms.
Mono: successfully reloaded assembly
- Completed reload, in  0.733 seconds
Platform modules already initialized, skipping
Refreshing native plugins compatible for Editor in 0.33 ms, found 2 plugins.
Preloading 0 native plugins for Editor in 0.00 ms.
Unloading 1406 Unused Serialized files (Serialized files now loaded: 0)
System memory in use before: 68.9 MB.
System memory in use after: 69.0 MB.

Unloading 15 unused Assets to reduce memory usage. Loaded Objects now: 1858.
Total: 1.478800 ms (FindLiveObjects: 0.116300 ms CreateObjectMapping: 0.031000 ms MarkObjects: 1.288700 ms  DeleteObjects: 0.042100 ms)

AssetImportParameters requested are different than current active one (requested -> active):
  custom:framework-win-MediaFoundation: 216162199b28c13a410421893ffa2e32 -> 
  custom:video-decoder-ogg-theora: a1e56fd34408186e4bbccfd4996cb3dc -> 
  custom:container-muxer-webm: aa71ff27fc2769a1b78a27578f13a17b -> 
  custom:container-demuxer-webm: 4f35f7cbe854078d1ac9338744f61a02 -> 
  custom:container-demuxer-ogg: 62fdf1f143b41e24485cea50d1cbac27 -> 
  custom:video-encoder-webm-vp8: eb34c28f22e8b96e1ab97ce403110664 -> 
  custom:video-decoder-webm-vp8: 9c59270c3fd7afecdb556c50c9e8de78 -> 
  custom:audio-decoder-ogg-vorbis: bf7c407c2cedff20999df2af8eb42d56 -> 
  custom:audio-encoder-webm-vorbis: bf7c407c2cedff20999df2af8eb42d56 -> 
========================================================================
Received Prepare
Registering precompiled user dll's ...
Registered in 0.003131 seconds.
Begin MonoManager ReloadAssembly
Native extension for WindowsStandalone target not found
Native extension for WebGL target not found
Refreshing native plugins compatible for Editor in 0.31 ms, found 2 plugins.
Preloading 0 native plugins for Editor in 0.00 ms.
Mono: successfully reloaded assembly
- Completed reload, in  0.758 seconds
Platform modules already initialized, skipping
Refreshing native plugins compatible for Editor in 0.30 ms, found 2 plugins.
Preloading 0 native plugins for Editor in 0.00 ms.
Unloading 1406 Unused Serialized files (Serialized files now loaded: 0)
System memory in use before: 68.9 MB.
System memory in use after: 69.0 MB.

Unloading 14 unused Assets to reduce memory usage. Loaded Objects now: 1861.
Total: 1.477500 ms (FindLiveObjects: 0.103600 ms CreateObjectMapping: 0.031500 ms MarkObjects: 1.301200 ms  DeleteObjects: 0.040200 ms)

AssetImportParameters requested are different than current active one (requested -> active):
  custom:framework-win-MediaFoundation: 216162199b28c13a410421893ffa2e32 -> 
  custom:video-decoder-ogg-theora: a1e56fd34408186e4bbccfd4996cb3dc -> 
  custom:container-muxer-webm: aa71ff27fc2769a1b78a27578f13a17b -> 
  custom:container-demuxer-webm: 4f35f7cbe854078d1ac9338744f61a02 -> 
  custom:container-demuxer-ogg: 62fdf1f143b41e24485cea50d1cbac27 -> 
  custom:video-encoder-webm-vp8: eb34c28f22e8b96e1ab97ce403110664 -> 
  custom:video-decoder-webm-vp8: 9c59270c3fd7afecdb556c50c9e8de78 -> 
  custom:audio-decoder-ogg-vorbis: bf7c407c2cedff20999df2af8eb42d56 -> 
  custom:audio-encoder-webm-vorbis: bf7c407c2cedff20999df2af8eb42d56 -> 
========================================================================
Received Import Request.
  Time since last request: 30.894193 seconds.
  path: Assets/Scripts/S01_Coordenadas
  artifactKey: Guid(c0854129fafe9c548bf351fb902c9459) Importer(815301076,1909f56bfc062723c751e8b465ee728b)
Start importing Assets/Scripts/S01_Coordenadas using Guid(c0854129fafe9c548bf351fb902c9459) Importer(815301076,1909f56bfc062723c751e8b465ee728b)  -> (artifact id: '1f1f1581027df2a0a60bb4fbbbea188f') in 0.003942 seconds 
  Import took 0.005760 seconds .

========================================================================
Received Import Request.
  Time since last request: 0.110321 seconds.
  path: Assets/Scripts/S01_Coordenadas/S01_Jerarquia.cs
  artifactKey: Guid(cd5597eef3b0de3458170e85bc807391) Importer(815301076,1909f56bfc062723c751e8b465ee728b)
Start importing Assets/Scripts/S01_Coordenadas/S01_Jerarquia.cs using Guid(cd5597eef3b0de3458170e85bc807391) Importer(815301076,1909f56bfc062723c751e8b465ee728b)  -> (artifact id: 'ffea90e86ffd045310211b500815e74c') in 0.002332 seconds 
  Import took 0.027140 seconds .

========================================================================
Received Import Request.
  Time since last request: 70.274979 seconds.
  path: Assets/Materials/Blue.mat
  artifactKey: Guid(574ff1b4e9d393f4cb6c2e23bc12e953) Importer(815301076,1909f56bfc062723c751e8b465ee728b)
Start importing Assets/Materials/Blue.mat using Guid(574ff1b4e9d393f4cb6c2e23bc12e953) Importer(815301076,1909f56bfc062723c751e8b465ee728b)  -> (artifact id: '4d167757f4d8c46b7c1c916844fd463c') in 0.068911 seconds 
  Import took 0.071164 seconds .

========================================================================
Received Import Request.
  Time since last request: 0.000157 seconds.
  path: Assets/Materials/Red.mat
  artifactKey: Guid(71bf1a33837bbe3419d809e80d498c05) Importer(815301076,1909f56bfc062723c751e8b465ee728b)
Start importing Assets/Materials/Red.mat using Guid(71bf1a33837bbe3419d809e80d498c05) Importer(815301076,1909f56bfc062723c751e8b465ee728b)  -> (artifact id: 'c02571500a38b335466d49bfe13d2b46') in 0.011530 seconds 
  Import took 0.013444 seconds .

========================================================================
Received Import Request.
  Time since last request: 0.000154 seconds.
  path: Assets/Materials/Green.mat
  artifactKey: Guid(43d48e1d54b49fd4aa33301bc7dd628f) Importer(815301076,1909f56bfc062723c751e8b465ee728b)
Start importing Assets/Materials/Green.mat using Guid(43d48e1d54b49fd4aa33301bc7dd628f) Importer(815301076,1909f56bfc062723c751e8b465ee728b)  -> (artifact id: 'ddb151901ee9c3543f8ffa887c95c98d') in 0.013461 seconds 
  Import took 0.015289 seconds .

========================================================================
Received Import Request.
  Time since last request: 68.844876 seconds.
  path: Assets/Scenes/SampleScene.unity
  artifactKey: Guid(9fc0d4010bbf28b4594072e72b8655ab) Importer(815301076,1909f56bfc062723c751e8b465ee728b)
Start importing Assets/Scenes/SampleScene.unity using Guid(9fc0d4010bbf28b4594072e72b8655ab) Importer(815301076,1909f56bfc062723c751e8b465ee728b)  -> (artifact id: '85059f4f9e1a832ed95adaa0d25c5c4c') in 0.007741 seconds 
  Import took 0.010239 seconds .

========================================================================
Received Import Request.
  Time since last request: 1.710552 seconds.
  path: Assets/Scenes/S01_Coordenadas/01-Jerarquia.unity
  artifactKey: Guid(643dfaf1ce9d7df4da754bb78d9e8061) Importer(815301076,1909f56bfc062723c751e8b465ee728b)
Start importing Assets/Scenes/S01_Coordenadas/01-Jerarquia.unity using Guid(643dfaf1ce9d7df4da754bb78d9e8061) Importer(815301076,1909f56bfc062723c751e8b465ee728b)  -> (artifact id: '38ab0fcb7a052a4c7c1ee6981ff2f16e') in 0.005992 seconds 
  Import took 0.025940 seconds .

========================================================================
Received Import Request.
  Time since last request: 14.190330 seconds.
  path: Assets/Scenes/S01_Coordenadas/01-Pivot.unity
  artifactKey: Guid(b27f3ae116a4d6147af51933442c588b) Importer(815301076,1909f56bfc062723c751e8b465ee728b)
Start importing Assets/Scenes/S01_Coordenadas/01-Pivot.unity using Guid(b27f3ae116a4d6147af51933442c588b) Importer(815301076,1909f56bfc062723c751e8b465ee728b)  -> (artifact id: 'dd4f121294fde6e9e470687221f76489') in 0.005866 seconds 
  Import took 0.008165 seconds .

========================================================================
Received Import Request.
  Time since last request: 62.465789 seconds.
  path: Assets/Scenes/S01_Coordenadas/01-Jerarquia.unity
  artifactKey: Guid(643dfaf1ce9d7df4da754bb78d9e8061) Importer(815301076,1909f56bfc062723c751e8b465ee728b)
Start importing Assets/Scenes/S01_Coordenadas/01-Jerarquia.unity using Guid(643dfaf1ce9d7df4da754bb78d9e8061) Importer(815301076,1909f56bfc062723c751e8b465ee728b)  -> (artifact id: 'fc64be15fd0f3ca3f827a018359459e7') in 0.002682 seconds 
  Import took 0.018263 seconds .

========================================================================
Received Import Request.
  Time since last request: 1.352110 seconds.
  path: Assets/Scenes/S01_Coordenadas/01-JerarquiaSettings.lighting
  artifactKey: Guid(f4328090ca08b4f4d803318a7d5d39ab) Importer(815301076,1909f56bfc062723c751e8b465ee728b)
Start importing Assets/Scenes/S01_Coordenadas/01-JerarquiaSettings.lighting using Guid(f4328090ca08b4f4d803318a7d5d39ab) Importer(815301076,1909f56bfc062723c751e8b465ee728b)  -> (artifact id: '62956f699be3393aad8de215527cbb17') in 0.006515 seconds 
  Import took 0.008516 seconds .

========================================================================
Received Import Request.
  Time since last request: 0.006015 seconds.
  path: Assets/Scenes/S01_Coordenadas/01-JerarquiaSettings.lighting
  artifactKey: Guid(f4328090ca08b4f4d803318a7d5d39ab) Importer(815301076,1909f56bfc062723c751e8b465ee728b)
Start importing Assets/Scenes/S01_Coordenadas/01-JerarquiaSettings.lighting using Guid(f4328090ca08b4f4d803318a7d5d39ab) Importer(815301076,1909f56bfc062723c751e8b465ee728b)  -> (artifact id: '62956f699be3393aad8de215527cbb17') in 0.002455 seconds 
  Import took 0.004270 seconds .

========================================================================
Received Import Request.
  Time since last request: 5.214865 seconds.
  path: Assets/Scenes/S02_Vectores/Rocket.unity
  artifactKey: Guid(b7c5d701eea604a449eeb3686afe129b) Importer(815301076,1909f56bfc062723c751e8b465ee728b)
Start importing Assets/Scenes/S02_Vectores/Rocket.unity using Guid(b7c5d701eea604a449eeb3686afe129b) Importer(815301076,1909f56bfc062723c751e8b465ee728b)  -> (artifact id: '28f3ba77295cb98173cfa8f55ed03b15') in 0.005583 seconds 
  Import took 0.007744 seconds .

========================================================================
Received Import Request.
  Time since last request: 8.590171 seconds.
  path: Assets/Scenes/S02_Vectores/Vectores_01.unity
  artifactKey: Guid(46a5a9ab298b56d44aa911fe3c0d2ba9) Importer(815301076,1909f56bfc062723c751e8b465ee728b)
Start importing Assets/Scenes/S02_Vectores/Vectores_01.unity using Guid(46a5a9ab298b56d44aa911fe3c0d2ba9) Importer(815301076,1909f56bfc062723c751e8b465ee728b)  -> (artifact id: 'c912ad314b1c24cbf905d2f51025ab3a') in 0.005979 seconds 
  Import took 0.022534 seconds .

========================================================================
Received Import Request.
  Time since last request: 993.726596 seconds.
  path: Assets/Scripts/S02_Vectores/Rocket.cs
  artifactKey: Guid(7cade7d65b111ab4f8e0d4d6476be7c5) Importer(815301076,1909f56bfc062723c751e8b465ee728b)
Start importing Assets/Scripts/S02_Vectores/Rocket.cs using Guid(7cade7d65b111ab4f8e0d4d6476be7c5) Importer(815301076,1909f56bfc062723c751e8b465ee728b)  -> (artifact id: '9ce2d8d4a36004689b6f52ec38fb7d09') in 0.006100 seconds 
  Import took 0.022970 seconds .

========================================================================
Received Import Request.
  Time since last request: 1.446415 seconds.
  path: Assets/Scripts/S02_Vectores/S02_02_Aritmetica.cs
  artifactKey: Guid(58dd51563b2eec74f9a5183eee877673) Importer(815301076,1909f56bfc062723c751e8b465ee728b)
Start importing Assets/Scripts/S02_Vectores/S02_02_Aritmetica.cs using Guid(58dd51563b2eec74f9a5183eee877673) Importer(815301076,1909f56bfc062723c751e8b465ee728b)  -> (artifact id: '20625f67393eae5cecb251c96d335109') in 0.005825 seconds 
  Import took 0.038758 seconds .

AssetImportWorkerClient::OnTransportError - code=2 error=End of file
