Using pre-set license
Built from '2020.3/release' branch; Version is '2020.3.12f1 (b3b2c6512326) revision 11776710'; Using compiler version '192528614'; Build Type 'Release'
OS: 'Windows 10 Home; OS build 19043.1348; Version 2009; 64bit' Language: 'es' Physical Memory: 16326 MB
BatchMode: 1, IsHumanControllingUs: 0, StartBugReporterOnCrash: 0, Is64bit: 1, IsPro: 0

 COMMAND LINE ARGUMENTS:
C:\Program Files\Unity\Hub\Editor\2020.3.12f1\Editor\Unity.exe
-adb2
-batchMode
-noUpm
-name
AssetImportWorker0
-projectPath
C:/Users/arfon/Downloads/curso_componentes_api_unity-master/curso_componentes_api_unity-master/unity_components_webbinars
-logFile
Logs/AssetImportWorker0.log
-srvPort
57914
Successfully changed project path to: C:/Users/arfon/Downloads/curso_componentes_api_unity-master/curso_componentes_api_unity-master/unity_components_webbinars
C:/Users/arfon/Downloads/curso_componentes_api_unity-master/curso_componentes_api_unity-master/unity_components_webbinars
Using Asset Import Pipeline V2.
Refreshing native plugins compatible for Editor in 25.15 ms, found 2 plugins.
Preloading 0 native plugins for Editor in 0.00 ms.
Initialize engine version: 2020.3.12f1 (b3b2c6512326)
[Subsystems] Discovering subsystems at path C:/Program Files/Unity/Hub/Editor/2020.3.12f1/Editor/Data/Resources/UnitySubsystems
[Subsystems] Discovering subsystems at path C:/Users/arfon/Downloads/curso_componentes_api_unity-master/curso_componentes_api_unity-master/unity_components_webbinars/Assets
GfxDevice: creating device client; threaded=0
Direct3D:
    Version:  Direct3D 11.0 [level 11.1]
    Renderer: NVIDIA GeForce GTX 1660 SUPER (ID=0x21c4)
    Vendor:   
    VRAM:     5991 MB
    Driver:   30.0.14.9649
Initialize mono
Mono path[0] = 'C:/Program Files/Unity/Hub/Editor/2020.3.12f1/Editor/Data/Managed'
Mono path[1] = 'C:/Program Files/Unity/Hub/Editor/2020.3.12f1/Editor/Data/MonoBleedingEdge/lib/mono/unityjit'
Mono config path = 'C:/Program Files/Unity/Hub/Editor/2020.3.12f1/Editor/Data/MonoBleedingEdge/etc'
Using monoOptions --debugger-agent=transport=dt_socket,embedding=1,server=y,suspend=n,address=127.0.0.1:56088
Begin MonoManager ReloadAssembly
Registering precompiled unity dll's ...
Register platform support module: C:/Program Files/Unity/Hub/Editor/2020.3.12f1/Editor/Data/PlaybackEngines/WebGLSupport/UnityEditor.WebGL.Extensions.dll
Register platform support module: C:/Program Files/Unity/Hub/Editor/2020.3.12f1/Editor/Data/PlaybackEngines/WindowsStandaloneSupport/UnityEditor.WindowsStandalone.Extensions.dll
Registered in 0.002066 seconds.
Native extension for WindowsStandalone target not found
Native extension for WebGL target not found
Refreshing native plugins compatible for Editor in 24.73 ms, found 2 plugins.
Preloading 0 native plugins for Editor in 0.00 ms.
Mono: successfully reloaded assembly
- Completed reload, in  1.630 seconds
Platform modules already initialized, skipping
Registering precompiled user dll's ...
Registered in 0.003470 seconds.
Begin MonoManager ReloadAssembly
Native extension for WindowsStandalone target not found
Native extension for WebGL target not found
Refreshing native plugins compatible for Editor in 0.38 ms, found 2 plugins.
Preloading 0 native plugins for Editor in 0.00 ms.
Mono: successfully reloaded assembly
- Completed reload, in  0.804 seconds
Platform modules already initialized, skipping
========================================================================
Worker process is ready to serve import requests
Launched and connected shader compiler UnityShaderCompiler.exe after 0.05 seconds
Refreshing native plugins compatible for Editor in 0.29 ms, found 2 plugins.
Preloading 0 native plugins for Editor in 0.00 ms.
Unloading 1427 Unused Serialized files (Serialized files now loaded: 0)
System memory in use before: 66.3 MB.
System memory in use after: 66.3 MB.

Unloading 19 unused Assets to reduce memory usage. Loaded Objects now: 1860.
Total: 1.569900 ms (FindLiveObjects: 0.131600 ms CreateObjectMapping: 0.029600 ms MarkObjects: 1.341900 ms  DeleteObjects: 0.065800 ms)

AssetImportParameters requested are different than current active one (requested -> active):
  custom:framework-win-MediaFoundation: 216162199b28c13a410421893ffa2e32 -> 
  custom:video-decoder-ogg-theora: a1e56fd34408186e4bbccfd4996cb3dc -> 
  custom:container-muxer-webm: aa71ff27fc2769a1b78a27578f13a17b -> 
  custom:container-demuxer-webm: 4f35f7cbe854078d1ac9338744f61a02 -> 
  custom:container-demuxer-ogg: 62fdf1f143b41e24485cea50d1cbac27 -> 
  custom:video-encoder-webm-vp8: eb34c28f22e8b96e1ab97ce403110664 -> 
  custom:video-decoder-webm-vp8: 9c59270c3fd7afecdb556c50c9e8de78 -> 
  custom:audio-decoder-ogg-vorbis: bf7c407c2cedff20999df2af8eb42d56 -> 
  custom:audio-encoder-webm-vorbis: bf7c407c2cedff20999df2af8eb42d56 -> 
========================================================================
Received Import Request.
  path: Assets/Scripts/Corutinas/Coroutinas_03_Yield_Example_06_WaitUntil.cs
  artifactKey: Guid(4862f222f2c633a418f4243ca5062bc9) Importer(815301076,1909f56bfc062723c751e8b465ee728b)
Start importing Assets/Scripts/Corutinas/Coroutinas_03_Yield_Example_06_WaitUntil.cs using Guid(4862f222f2c633a418f4243ca5062bc9) Importer(815301076,1909f56bfc062723c751e8b465ee728b)  -> (artifact id: 'e2553f1f5abdbc651cf7841f682f383f') in 0.029391 seconds 
  Import took 0.054434 seconds .

========================================================================
Received Import Request.
  Time since last request: 6.622244 seconds.
  path: Assets/Scripts/Corutinas/Coroutinas_03_Yield_Example_02_null.cs
  artifactKey: Guid(e9563bf2135c02b4f901f1b7a8622f1f) Importer(815301076,1909f56bfc062723c751e8b465ee728b)
Start importing Assets/Scripts/Corutinas/Coroutinas_03_Yield_Example_02_null.cs using Guid(e9563bf2135c02b4f901f1b7a8622f1f) Importer(815301076,1909f56bfc062723c751e8b465ee728b)  -> (artifact id: 'fe64811aa38cbcef9d063d94e470444e') in 0.007008 seconds 
  Import took 0.024982 seconds .

========================================================================
Received Import Request.
  Time since last request: 1.138499 seconds.
  path: Assets/Scripts/Corutinas/Coroutinas_03_Yield_Example_04_WaitforSecondsRealtime.cs
  artifactKey: Guid(699932023c839484193e1920b3925b50) Importer(815301076,1909f56bfc062723c751e8b465ee728b)
Start importing Assets/Scripts/Corutinas/Coroutinas_03_Yield_Example_04_WaitforSecondsRealtime.cs using Guid(699932023c839484193e1920b3925b50) Importer(815301076,1909f56bfc062723c751e8b465ee728b)  -> (artifact id: '7d5cc0a9e4f8fbba8ee52c0574a58404') in 0.022744 seconds 
  Import took 0.037333 seconds .

========================================================================
Received Import Request.
  Time since last request: 6.651150 seconds.
  path: Packages/com.unity.nuget.newtonsoft-json/package.json
  artifactKey: Guid(f8d4e5c2f2df25449ae8c391afbe5114) Importer(815301076,1909f56bfc062723c751e8b465ee728b)
Start importing Packages/com.unity.nuget.newtonsoft-json/package.json using Guid(f8d4e5c2f2df25449ae8c391afbe5114) Importer(815301076,1909f56bfc062723c751e8b465ee728b)  -> (artifact id: '3887d1616531507fa9c4f23ac1ba7ce0') in 0.070738 seconds 
  Import took 0.084348 seconds .

========================================================================
Received Import Request.
  Time since last request: 0.521236 seconds.
  path: Packages/com.unity.ide.rider/package.json
  artifactKey: Guid(66c95bb3c74257f41bae2622511dc02d) Importer(815301076,1909f56bfc062723c751e8b465ee728b)
Start importing Packages/com.unity.ide.rider/package.json using Guid(66c95bb3c74257f41bae2622511dc02d) Importer(815301076,1909f56bfc062723c751e8b465ee728b)  -> (artifact id: 'ff96f7b61e94a0dc9b975679be81ead9') in 0.037928 seconds 
  Import took 0.040257 seconds .

========================================================================
Received Import Request.
  Time since last request: 3.268017 seconds.
  path: Assets/Scripts/Corutinas/Coroutinas_04_StopAllCoroutines.cs
  artifactKey: Guid(4ce9cbef7fc9d3b4a849e5ad501b2714) Importer(815301076,1909f56bfc062723c751e8b465ee728b)
Start importing Assets/Scripts/Corutinas/Coroutinas_04_StopAllCoroutines.cs using Guid(4ce9cbef7fc9d3b4a849e5ad501b2714) Importer(815301076,1909f56bfc062723c751e8b465ee728b)  -> (artifact id: 'df12a76992f464afb41bbc5282764ff9') in 0.007114 seconds 
  Import took 0.023308 seconds .

========================================================================
Received Import Request.
  Time since last request: 28.138494 seconds.
  path: Assets/Scripts/Acceso_componentes/Acceso_06_AddComponent.cs
  artifactKey: Guid(b07b72828b5b2e14284b0e0ef29cd107) Importer(815301076,1909f56bfc062723c751e8b465ee728b)
Start importing Assets/Scripts/Acceso_componentes/Acceso_06_AddComponent.cs using Guid(b07b72828b5b2e14284b0e0ef29cd107) Importer(815301076,1909f56bfc062723c751e8b465ee728b)  -> (artifact id: '26aba40dfbd73d12b28c82ac707e65cd') in 0.005604 seconds 
  Import took 0.012816 seconds .

========================================================================
Received Import Request.
  Time since last request: 3.814260 seconds.
  path: Assets/Scripts/Acceso_componentes/Acceso_02_FindObjectOfType.cs
  artifactKey: Guid(e57d7b5ff260f7e4591ceb34ba8ff76e) Importer(815301076,1909f56bfc062723c751e8b465ee728b)
Start importing Assets/Scripts/Acceso_componentes/Acceso_02_FindObjectOfType.cs using Guid(e57d7b5ff260f7e4591ceb34ba8ff76e) Importer(815301076,1909f56bfc062723c751e8b465ee728b)  -> (artifact id: 'b1784de26fe8e51b40aaf2d5ba7945f8') in 0.005785 seconds 
  Import took 0.019464 seconds .

AssetImportWorkerClient::OnTransportError - code=2 error=End of file
