Using pre-set license
Built from '2020.3/release' branch; Version is '2020.3.12f1 (b3b2c6512326) revision 11776710'; Using compiler version '192528614'; Build Type 'Release'
OS: 'Windows 10 Home; OS build 19043.1165; Version 2009; 64bit' Language: 'es' Physical Memory: 16326 MB
BatchMode: 1, IsHumanControllingUs: 0, StartBugReporterOnCrash: 0, Is64bit: 1, IsPro: 0

 COMMAND LINE ARGUMENTS:
C:\Program Files\Unity\Hub\Editor\2020.3.12f1\Editor\Unity.exe
-adb2
-batchMode
-noUpm
-name
AssetImportWorker0
-projectPath
C:/Users/arfon/The Anti-Thief
-logFile
Logs/AssetImportWorker0.log
-srvPort
60568
Successfully changed project path to: C:/Users/arfon/The Anti-Thief
C:/Users/arfon/The Anti-Thief
Using Asset Import Pipeline V2.
Refreshing native plugins compatible for Editor in 38.47 ms, found 3 plugins.
Preloading 0 native plugins for Editor in 0.00 ms.
Initialize engine version: 2020.3.12f1 (b3b2c6512326)
[Subsystems] Discovering subsystems at path C:/Program Files/Unity/Hub/Editor/2020.3.12f1/Editor/Data/Resources/UnitySubsystems
[Subsystems] Discovering subsystems at path C:/Users/arfon/The Anti-Thief/Assets
GfxDevice: creating device client; threaded=0
Direct3D:
    Version:  Direct3D 11.0 [level 11.1]
    Renderer: NVIDIA GeForce GTX 1660 SUPER (ID=0x21c4)
    Vendor:   
    VRAM:     5991 MB
    Driver:   30.0.14.7111
Initialize mono
Mono path[0] = 'C:/Program Files/Unity/Hub/Editor/2020.3.12f1/Editor/Data/Managed'
Mono path[1] = 'C:/Program Files/Unity/Hub/Editor/2020.3.12f1/Editor/Data/MonoBleedingEdge/lib/mono/unityjit'
Mono config path = 'C:/Program Files/Unity/Hub/Editor/2020.3.12f1/Editor/Data/MonoBleedingEdge/etc'
Using monoOptions --debugger-agent=transport=dt_socket,embedding=1,server=y,suspend=n,address=127.0.0.1:56552
Begin MonoManager ReloadAssembly
Registering precompiled unity dll's ...
Register platform support module: C:/Program Files/Unity/Hub/Editor/2020.3.12f1/Editor/Data/PlaybackEngines/WebGLSupport/UnityEditor.WebGL.Extensions.dll
Register platform support module: C:/Program Files/Unity/Hub/Editor/2020.3.12f1/Editor/Data/PlaybackEngines/WindowsStandaloneSupport/UnityEditor.WindowsStandalone.Extensions.dll
Registered in 0.002056 seconds.
Native extension for WindowsStandalone target not found
Native extension for WebGL target not found
Refreshing native plugins compatible for Editor in 36.02 ms, found 3 plugins.
Preloading 0 native plugins for Editor in 0.00 ms.
Mono: successfully reloaded assembly
- Completed reload, in  1.032 seconds
Platform modules already initialized, skipping
Registering precompiled user dll's ...
Registered in 0.003768 seconds.
Begin MonoManager ReloadAssembly
Native extension for WindowsStandalone target not found
Native extension for WebGL target not found
Refreshing native plugins compatible for Editor in 34.56 ms, found 3 plugins.
Preloading 0 native plugins for Editor in 0.00 ms.
Mono: successfully reloaded assembly
- Completed reload, in  0.918 seconds
Platform modules already initialized, skipping
========================================================================
Worker process is ready to serve import requests
Launched and connected shader compiler UnityShaderCompiler.exe after 0.04 seconds
Refreshing native plugins compatible for Editor in 0.45 ms, found 3 plugins.
Preloading 0 native plugins for Editor in 0.00 ms.
Unloading 2080 Unused Serialized files (Serialized files now loaded: 0)
System memory in use before: 92.8 MB.
System memory in use after: 92.7 MB.

Unloading 33 unused Assets to reduce memory usage. Loaded Objects now: 2513.
Total: 1.917200 ms (FindLiveObjects: 0.184600 ms CreateObjectMapping: 0.042600 ms MarkObjects: 1.577400 ms  DeleteObjects: 0.111600 ms)

AssetImportParameters requested are different than current active one (requested -> active):
  custom:framework-win-MediaFoundation: 216162199b28c13a410421893ffa2e32 -> 
  custom:video-decoder-ogg-theora: a1e56fd34408186e4bbccfd4996cb3dc -> 
  custom:container-muxer-webm: aa71ff27fc2769a1b78a27578f13a17b -> 
  custom:container-demuxer-webm: 4f35f7cbe854078d1ac9338744f61a02 -> 
  custom:container-demuxer-ogg: 62fdf1f143b41e24485cea50d1cbac27 -> 
  custom:video-encoder-webm-vp8: eb34c28f22e8b96e1ab97ce403110664 -> 
  custom:video-decoder-webm-vp8: 9c59270c3fd7afecdb556c50c9e8de78 -> 
  custom:audio-decoder-ogg-vorbis: bf7c407c2cedff20999df2af8eb42d56 -> 
  custom:audio-encoder-webm-vorbis: bf7c407c2cedff20999df2af8eb42d56 -> 
========================================================================
Received Import Request.
  path: Assets/Player
  artifactKey: Guid(ac2eb6d78b44c534e995168efbd95bd8) Importer(815301076,1909f56bfc062723c751e8b465ee728b)
Start importing Assets/Player using Guid(ac2eb6d78b44c534e995168efbd95bd8) Importer(815301076,1909f56bfc062723c751e8b465ee728b)  -> (artifact id: '4cfc486c69d0ed9f2f3f6255918f78da') in 0.022978 seconds 
  Import took 0.025804 seconds .

========================================================================
Received Import Request.
  Time since last request: 8.648049 seconds.
  path: Assets/Player/1 Biker
  artifactKey: Guid(1a7634697a428ba489cde73c1ba363ff) Importer(815301076,1909f56bfc062723c751e8b465ee728b)
Start importing Assets/Player/1 Biker using Guid(1a7634697a428ba489cde73c1ba363ff) Importer(815301076,1909f56bfc062723c751e8b465ee728b)  -> (artifact id: 'aeea998b8d6380f2f80d9d6c90a0f611') in 0.006958 seconds 
  Import took 0.009890 seconds .

========================================================================
Received Import Request.
  Time since last request: 0.159751 seconds.
  path: Assets/Player/1 Biker/Biker_attack1.png
  artifactKey: Guid(b85fc466a6d875740a4eafe65616708a) Importer(815301076,1909f56bfc062723c751e8b465ee728b)
Start importing Assets/Player/1 Biker/Biker_attack1.png using Guid(b85fc466a6d875740a4eafe65616708a) Importer(815301076,1909f56bfc062723c751e8b465ee728b)  -> (artifact id: 'aafcf004e475afadfd78eae0a86a1806') in 0.092532 seconds 
  Import took 0.096134 seconds .

========================================================================
Received Import Request.
  Time since last request: 0.000160 seconds.
  path: Assets/Player/1 Biker/Biker_idle.png
  artifactKey: Guid(500cac44176f0ab429796b3fb89138fe) Importer(815301076,1909f56bfc062723c751e8b465ee728b)
Start importing Assets/Player/1 Biker/Biker_idle.png using Guid(500cac44176f0ab429796b3fb89138fe) Importer(815301076,1909f56bfc062723c751e8b465ee728b)  -> (artifact id: '51f02f9e5ee7c2f94cc9ead4e01affa0') in 0.015074 seconds 
  Import took 0.018079 seconds .

========================================================================
Received Import Request.
  Time since last request: 0.000148 seconds.
  path: Assets/Player/1 Biker/Biker_attack3.png
  artifactKey: Guid(edcb4f44350deac4c953caa843ee11f2) Importer(815301076,1909f56bfc062723c751e8b465ee728b)
Start importing Assets/Player/1 Biker/Biker_attack3.png using Guid(edcb4f44350deac4c953caa843ee11f2) Importer(815301076,1909f56bfc062723c751e8b465ee728b)  -> (artifact id: 'f7e084d3502db37df4d7aaacfa9d4af5') in 0.012420 seconds 
  Import took 0.015991 seconds .

========================================================================
Received Import Request.
  Time since last request: 0.000299 seconds.
  path: Assets/Player/1 Biker/Biker_doublejump.png
  artifactKey: Guid(220329762587a364b909e736a474e7c6) Importer(815301076,1909f56bfc062723c751e8b465ee728b)
Start importing Assets/Player/1 Biker/Biker_doublejump.png using Guid(220329762587a364b909e736a474e7c6) Importer(815301076,1909f56bfc062723c751e8b465ee728b)  -> (artifact id: '43a784af0c87d20da928d45a87bc4d9a') in 0.021185 seconds 
  Import took 0.024677 seconds .

========================================================================
Received Import Request.
  Time since last request: 0.000155 seconds.
  path: Assets/Player/1 Biker/Biker_jump.png
  artifactKey: Guid(0d099cad89da46f4cb4f89a2a09a4c0f) Importer(815301076,1909f56bfc062723c751e8b465ee728b)
Start importing Assets/Player/1 Biker/Biker_jump.png using Guid(0d099cad89da46f4cb4f89a2a09a4c0f) Importer(815301076,1909f56bfc062723c751e8b465ee728b)  -> (artifact id: 'f231e89e1e84a08fb595d39790b25a7f') in 0.011682 seconds 
  Import took 0.014368 seconds .

========================================================================
Received Import Request.
  Time since last request: 0.000157 seconds.
  path: Assets/Player/1 Biker/Biker_death.png
  artifactKey: Guid(7e06ba05f65545f4da8d3d206e526935) Importer(815301076,1909f56bfc062723c751e8b465ee728b)
Start importing Assets/Player/1 Biker/Biker_death.png using Guid(7e06ba05f65545f4da8d3d206e526935) Importer(815301076,1909f56bfc062723c751e8b465ee728b)  -> (artifact id: 'e69e661bc6d34888afbb6eef5dcbef20') in 0.027613 seconds 
  Import took 0.030368 seconds .

========================================================================
Received Import Request.
  Time since last request: 0.000154 seconds.
  path: Assets/Player/1 Biker/Biker_run.png
  artifactKey: Guid(e465680c74cb39e40b5612c019d7977a) Importer(815301076,1909f56bfc062723c751e8b465ee728b)
Start importing Assets/Player/1 Biker/Biker_run.png using Guid(e465680c74cb39e40b5612c019d7977a) Importer(815301076,1909f56bfc062723c751e8b465ee728b)  -> (artifact id: '0421dac7ee206bb06a5d9d646bbc2e7f') in 0.011062 seconds 
  Import took 0.013683 seconds .

========================================================================
Received Import Request.
  Time since last request: 0.000162 seconds.
  path: Assets/Player/1 Biker/Biker_attack2.png
  artifactKey: Guid(ffdd33fa63ba96f4c95da0120362adf8) Importer(815301076,1909f56bfc062723c751e8b465ee728b)
Start importing Assets/Player/1 Biker/Biker_attack2.png using Guid(ffdd33fa63ba96f4c95da0120362adf8) Importer(815301076,1909f56bfc062723c751e8b465ee728b)  -> (artifact id: '0421b866d0067ca71fdddf81b574de66') in 0.010577 seconds 
  Import took 0.013476 seconds .

========================================================================
Received Import Request.
  Time since last request: 0.000216 seconds.
  path: Assets/Player/1 Biker/Biker_hurt.png
  artifactKey: Guid(43337a3e2c191c24c9d77128ce873a43) Importer(815301076,1909f56bfc062723c751e8b465ee728b)
Start importing Assets/Player/1 Biker/Biker_hurt.png using Guid(43337a3e2c191c24c9d77128ce873a43) Importer(815301076,1909f56bfc062723c751e8b465ee728b)  -> (artifact id: '5d16d0a71d6e9a3509c7a7cb8099e26a') in 0.023288 seconds 
  Import took 0.026536 seconds .

========================================================================
Received Import Request.
  Time since last request: 0.000149 seconds.
  path: Assets/Player/1 Biker/Biker_climb.png
  artifactKey: Guid(62c73ab9b2fc2cb4fb17c691b778a87e) Importer(815301076,1909f56bfc062723c751e8b465ee728b)
Start importing Assets/Player/1 Biker/Biker_climb.png using Guid(62c73ab9b2fc2cb4fb17c691b778a87e) Importer(815301076,1909f56bfc062723c751e8b465ee728b)  -> (artifact id: 'f851122230a0f2b38d38fc2efa6358e1') in 0.015677 seconds 
  Import took 0.018238 seconds .

========================================================================
Received Import Request.
  Time since last request: 0.000161 seconds.
  path: Assets/Player/1 Biker/Biker_punch.png
  artifactKey: Guid(ecfbdd3fcbebc3948b1d25e3d4df4645) Importer(815301076,1909f56bfc062723c751e8b465ee728b)
Start importing Assets/Player/1 Biker/Biker_punch.png using Guid(ecfbdd3fcbebc3948b1d25e3d4df4645) Importer(815301076,1909f56bfc062723c751e8b465ee728b)  -> (artifact id: '14506006951f92adae48faeb7bcf1499') in 0.012613 seconds 
  Import took 0.015391 seconds .

========================================================================
Received Import Request.
  Time since last request: 0.000149 seconds.
  path: Assets/Player/1 Biker/Biker_run_attack.png
  artifactKey: Guid(a9d7af539cb37f341a5f8b1b2533f7d5) Importer(815301076,1909f56bfc062723c751e8b465ee728b)
Start importing Assets/Player/1 Biker/Biker_run_attack.png using Guid(a9d7af539cb37f341a5f8b1b2533f7d5) Importer(815301076,1909f56bfc062723c751e8b465ee728b)  -> (artifact id: 'aaf911a389860305f2ae01adeb6cda33') in 0.009747 seconds 
  Import took 0.012699 seconds .

AssetImportWorkerClient::OnTransportError - code=2 error=End of file
